  GuestMembershipConsole.cpp
C:\Users\namot\Documents\GuestMembership\GuestMembershipConsole\GuestMembershipConsole.cpp(672,17): warning C4018: '<': signed/unsigned mismatch
C:\Users\namot\Documents\GuestMembership\GuestMembershipConsole\GuestMembershipConsole.cpp(1112,17): warning C4018: '<': signed/unsigned mismatch
C:\Users\namot\Documents\GuestMembership\GuestMembershipConsole\GuestMembershipConsole.cpp(1124,26): warning C4018: '<': signed/unsigned mismatch
C:\Users\namot\Documents\GuestMembership\GuestMembershipConsole\GuestMembershipConsole.cpp(1149,26): warning C4018: '<': signed/unsigned mismatch
C:\Users\namot\Documents\GuestMembership\GuestMembershipConsole\GuestMembershipConsole.cpp(1354,26): warning C4018: '<': signed/unsigned mismatch
C:\Users\namot\Documents\GuestMembership\GuestMembershipConsole\GuestMembershipConsole.cpp(1398,17): warning C4018: '<': signed/unsigned mismatch
C:\Users\namot\Documents\GuestMembership\GuestMembershipConsole\GuestMembershipConsole.cpp(1455,17): warning C4018: '<': signed/unsigned mismatch
C:\Users\namot\Documents\GuestMembership\GuestMembershipConsole\GuestMembershipConsole.cpp(1521,17): warning C4018: '<': signed/unsigned mismatch
C:\Users\namot\Documents\GuestMembership\GuestMembershipConsole\GuestMembershipConsole.cpp(1576,17): warning C4018: '<': signed/unsigned mismatch
C:\Users\namot\Documents\GuestMembership\GuestMembershipConsole\GuestMembershipConsole.cpp(1651,17): warning C4018: '<': signed/unsigned mismatch
C:\Users\namot\Documents\GuestMembership\GuestMembershipConsole\GuestMembershipConsole.cpp(1715,17): warning C4018: '<': signed/unsigned mismatch
C:\Users\namot\Documents\GuestMembership\GuestMembershipConsole\GuestMembershipConsole.cpp(1722,26): warning C4018: '<': signed/unsigned mismatch
C:\Users\namot\Documents\GuestMembership\GuestMembershipConsole\GuestMembershipConsole.cpp(1782,17): warning C4018: '<': signed/unsigned mismatch
C:\Users\namot\Documents\GuestMembership\GuestMembershipConsole\GuestMembershipConsole.cpp(1801,26): warning C4018: '<': signed/unsigned mismatch
C:\Users\namot\Documents\GuestMembership\GuestMembershipConsole\GuestMembershipConsole.cpp(1822,34): warning C4018: '<': signed/unsigned mismatch
C:\Users\namot\Documents\GuestMembership\GuestMembershipConsole\GuestMembershipConsole.cpp(1984,17): warning C4018: '<': signed/unsigned mismatch
C:\Users\namot\Documents\GuestMembership\GuestMembershipConsole\GuestMembershipConsole.cpp(1992,26): warning C4018: '<': signed/unsigned mismatch
C:\Users\namot\Documents\GuestMembership\GuestMembershipConsole\GuestMembershipConsole.cpp(2025,17): warning C4018: '<': signed/unsigned mismatch
C:\Users\namot\Documents\GuestMembership\GuestMembershipConsole\GuestMembershipConsole.cpp(2154,29): warning C4018: '<': signed/unsigned mismatch
C:\Users\namot\Documents\GuestMembership\GuestMembershipConsole\GuestMembershipConsole.cpp(2175,25): warning C4018: '<': signed/unsigned mismatch
C:\Users\namot\Documents\GuestMembership\GuestMembershipConsole\GuestMembershipConsole.cpp(2193,29): warning C4018: '<': signed/unsigned mismatch
C:\Users\namot\Documents\GuestMembership\GuestMembershipConsole\GuestMembershipConsole.cpp(2227,34): warning C4018: '<': signed/unsigned mismatch
  Generating code
  1 of 576 functions ( 0.2%) were compiled, the rest were copied from previous compilation.
    0 functions were new in current compilation
    5 functions had inline decision re-evaluated but remain unchanged
  Finished generating code
  GuestMembershipConsole.vcxproj -> C:\Users\namot\Documents\GuestMembership\GuestMembershipConsole\Release\GuestMembershipConsole.exe
